<?xml version="1.0" encoding="UTF-8"?>
<!-- Generated by org.testng.reporters.JUnitReportReporter -->
<testsuite hostname="CT00754" failures="0" tests="2" name="Clarion.Maven_Project.EndtoEnd" time="25.995" errors="0" timestamp="2023-07-17T18:59:21 IST" skipped="0">
  <testcase classname="Clarion.Maven_Project.EndtoEnd" name="Orderhistorytest" time="7.986"/>
  <testcase classname="Clarion.Maven_Project.EndtoEnd" name="order" time="18.009"/>
</testsuite> <!-- Clarion.Maven_Project.EndtoEnd -->
