<?xml version="1.0" encoding="UTF-8"?>
<!-- Generated by org.testng.reporters.JUnitReportReporter -->
<testsuite hostname="CT00754" failures="0" tests="1" name="Clarion.Maven_Project.First" time="0.014" errors="0" timestamp="2023-06-26T11:49:18 IST" skipped="0">
  <testcase classname="Clarion.Maven_Project.First" name="aa" time="0.014"/>
</testsuite> <!-- Clarion.Maven_Project.First -->
