<?xml version="1.0" encoding="UTF-8"?>
<!-- Generated by org.testng.reporters.JUnitReportReporter -->
<testsuite hostname="CT00754" failures="0" tests="3" name="excel.Excel2" time="0.011" errors="0" timestamp="2023-07-14T15:06:02 IST" skipped="0">
  <testcase classname="excel.Excel2" name="TestCase" time="0.001"/>
  <testcase classname="excel.Excel2" name="TestCase" time="0.009"/>
  <testcase classname="excel.Excel2" name="TestCase" time="0.001"/>
</testsuite> <!-- excel.Excel2 -->
