<?xml version="1.0" encoding="UTF-8"?>
<!-- Generated by org.testng.reporters.JUnitReportReporter -->
<testsuite hostname="CT00754" failures="0" tests="1" name="excel.Eccel3" time="0.459" errors="0" timestamp="2023-07-12T19:18:03 IST" skipped="0">
  <testcase classname="excel.Eccel3" name="demo" time="0.459"/>
</testsuite> <!-- excel.Eccel3 -->
