<?xml version="1.0" encoding="UTF-8"?>
<!-- Generated by org.testng.reporters.JUnitReportReporter -->
<testsuite hostname="CT00754" failures="0" tests="1" name="Clarion.Maven_Project.Errorvalidation" time="54.753" errors="0" timestamp="2023-07-14T13:12:23 IST" skipped="0">
  <testcase classname="Clarion.Maven_Project.Errorvalidation" name="order" time="54.753"/>
</testsuite> <!-- Clarion.Maven_Project.Errorvalidation -->
